<?xml version="1.0" encoding="UTF-8" ?>
<testsuite failures="0" time="17.581" errors="0" skipped="0" tests="9" name="org.openflexo.foundation.FMLModelFactoryIntegrationTest">
  <properties>
    <property name="java.runtime.name" value="Java(TM) SE Runtime Environment"/>
    <property name="sun.boot.library.path" value="/Library/Internet Plug-Ins/JavaAppletPlugin.plugin/Contents/Home/lib"/>
    <property name="java.vm.version" value="24.75-b04"/>
    <property name="user.country.format" value="BE"/>
    <property name="gopherProxySet" value="false"/>
    <property name="java.vm.vendor" value="Oracle Corporation"/>
    <property name="java.vendor.url" value="http://java.oracle.com/"/>
    <property name="path.separator" value=":"/>
    <property name="java.vm.name" value="Java HotSpot(TM) 64-Bit Server VM"/>
    <property name="file.encoding.pkg" value="sun.io"/>
    <property name="user.country" value="US"/>
    <property name="sun.java.launcher" value="SUN_STANDARD"/>
    <property name="sun.os.patch.level" value="unknown"/>
    <property name="java.vm.specification.name" value="Java Virtual Machine Specification"/>
    <property name="user.dir" value="/Users/sylvain/GIT/openflexo-packaging/integration-tests"/>
    <property name="java.runtime.version" value="1.7.0_75-b13"/>
    <property name="java.awt.graphicsenv" value="sun.awt.CGraphicsEnvironment"/>
    <property name="basedir" value="/Users/sylvain/GIT/openflexo-packaging/integration-tests"/>
    <property name="java.endorsed.dirs" value="/Library/Internet Plug-Ins/JavaAppletPlugin.plugin/Contents/Home/lib/endorsed"/>
    <property name="os.arch" value="x86_64"/>
    <property name="surefire.real.class.path" value="/Users/sylvain/GIT/openflexo-packaging/integration-tests/target/surefire/surefirebooter2743206221355872084.jar:/Users/sylvain/.m2/repository/org/jacoco/org.jacoco.agent/0.7.4.201502262128/org.jacoco.agent-0.7.4.201502262128-runtime.jar"/>
    <property name="java.io.tmpdir" value="/var/folders/78/kd96413n5rn_8cc9svwdddf80000gp/T/"/>
    <property name="line.separator" value="
"/>
    <property name="java.vm.specification.vendor" value="Oracle Corporation"/>
    <property name="os.name" value="Mac OS X"/>
    <property name="sun.jnu.encoding" value="UTF-8"/>
    <property name="java.library.path" value="/Users/sylvain/Library/Java/Extensions:/Library/Java/Extensions:/Network/Library/Java/Extensions:/System/Library/Java/Extensions:/usr/lib/java:."/>
    <property name="surefire.test.class.path" value="/Users/sylvain/GIT/openflexo-packaging/integration-tests/target/test-classes:/Users/sylvain/GIT/openflexo-packaging/integration-tests/target/classes:/Users/sylvain/.m2/repository/org/openflexo/flexovieweditor/1.7.1-RC1/flexovieweditor-1.7.1-RC1.jar:/Users/sylvain/.m2/repository/org/openflexo/flexo-foundation/1.7.1-RC1/flexo-foundation-1.7.1-RC1.jar:/Users/sylvain/.m2/repository/org/openflexo/flexo-ui/1.7.1-RC1/flexo-ui-1.7.1-RC1.jar:/Users/sylvain/.m2/repository/org/openflexo/fml-rt-technologyadapter-ui/1.7.1-RC1/fml-rt-technologyadapter-ui-1.7.1-RC1.jar:/Users/sylvain/.m2/repository/org/openflexo/flexoviewpointmodeler/1.7.1-RC1/flexoviewpointmodeler-1.7.1-RC1.jar:/Users/sylvain/.m2/repository/org/openflexo/fml-technologyadapter-ui/1.7.1-RC1/fml-technologyadapter-ui-1.7.1-RC1.jar:/Users/sylvain/.m2/repository/org/openflexo/free-modelling-editor/1.7.1-RC1/free-modelling-editor-1.7.1-RC1.jar:/Users/sylvain/.m2/repository/org/openflexo/flexodiagram-ui/1.7.1-RC1/flexodiagram-ui-1.7.1-RC1.jar:/Users/sylvain/.m2/repository/org/openflexo/powerpointconnector-ui/1.7.1-RC1/powerpointconnector-ui-1.7.1-RC1.jar:/Users/sylvain/.m2/repository/commons-lang/commons-lang/2.6/commons-lang-2.6.jar:/Users/sylvain/.m2/repository/org/openflexo/diana-swing/1.2-RC1/diana-swing-1.2-RC1.jar:/Users/sylvain/.m2/repository/org/openflexo/diana-core/1.2-RC1/diana-core-1.2-RC1-tests.jar:/Users/sylvain/.m2/repository/org/openflexo/gina-swing/1.2-RC1/gina-swing-1.2-RC1.jar:/Users/sylvain/.m2/repository/org/openflexo/tools-configuration/0.3-RC1/tools-configuration-0.3-RC1.jar:/Users/sylvain/.m2/repository/org/openflexo/gina-swing-editor/1.2-RC1/gina-swing-editor-1.2-RC1.jar:/Users/sylvain/.m2/repository/org/dockingframes/docking-frames-common/1.1.1/docking-frames-common-1.1.1.jar:/Users/sylvain/.m2/repository/org/dockingframes/docking-frames-core/1.1.1/docking-frames-core-1.1.1.jar:/Users/sylvain/.m2/repository/org/openflexo/flexodiagram/1.7.1-RC1/flexodiagram-1.7.1-RC1.jar:/Users/sylvain/.m2/repository/org/apache/poi/poi/3.12-beta1/poi-3.12-beta1.jar:/Users/sylvain/.m2/repository/org/apache/poi/poi-scratchpad/3.12-beta1/poi-scratchpad-3.12-beta1.jar:/Users/sylvain/.m2/repository/org/openflexo/emfconnector/1.7.1-RC1/emfconnector-1.7.1-RC1.jar:/Users/sylvain/.m2/repository/org/eclipse/uml2/5.0.0/uml2-5.0.0.jar:/Users/sylvain/.m2/repository/org/eclipse/uml2/uml/5.0.1/uml-5.0.1.jar:/Users/sylvain/.m2/repository/org/eclipse/uml2/uml-resources/5.0.1/uml-resources-5.0.1.jar:/Users/sylvain/.m2/repository/org/eclipse/uml2/types/2.0.0/types-2.0.0.jar:/Users/sylvain/.m2/repository/org/eclipse/uml2/common/2.0.1/common-2.0.1.jar:/Users/sylvain/.m2/repository/org/eclipse/uml2/uml/profile-standard/1.0.0/profile-standard-1.0.0.jar:/Users/sylvain/.m2/repository/org/eclipse/xtext/org.eclipse.xtext/2.8.1/org.eclipse.xtext-2.8.1.jar:/Users/sylvain/.m2/repository/org/eclipse/tycho/org.eclipse.jdt.core/3.10.0.v20140604-1726/org.eclipse.jdt.core-3.10.0.v20140604-1726.jar:/Users/sylvain/.m2/repository/org/eclipse/xtext/org.eclipse.xtext.xbase.lib/2.8.1/org.eclipse.xtext.xbase.lib-2.8.1.jar:/Users/sylvain/.m2/repository/com/google/guava/guava/14.0.1/guava-14.0.1.jar:/Users/sylvain/.m2/repository/org/eclipse/emf/org.eclipse.emf.ecore/2.11.0-v20150123-0347/org.eclipse.emf.ecore-2.11.0-v20150123-0347.jar:/Users/sylvain/.m2/repository/org/eclipse/emf/org.eclipse.emf.common/2.11.0-v20150123-0347/org.eclipse.emf.common-2.11.0-v20150123-0347.jar:/Users/sylvain/.m2/repository/org/eclipse/emf/org.eclipse.emf.ecore.xmi/2.11.0-v20150123-0347/org.eclipse.emf.ecore.xmi-2.11.0-v20150123-0347.jar:/Users/sylvain/.m2/repository/log4j/log4j/1.2.16/log4j-1.2.16.jar:/Users/sylvain/.m2/repository/com/ibm/icu/icu4j/52.1/icu4j-52.1.jar:/Users/sylvain/.m2/repository/org/antlr/antlr-runtime/3.2/antlr-runtime-3.2.jar:/Users/sylvain/.m2/repository/org/eclipse/xtext/org.eclipse.xtext.common.types/2.8.1/org.eclipse.xtext.common.types-2.8.1.jar:/Users/sylvain/.m2/repository/org/eclipse/emf/org.eclipse.emf.codegen/2.10.0-v20150123-0452/org.eclipse.emf.codegen-2.10.0-v20150123-0452.jar:/Users/sylvain/.m2/repository/org/ow2/asm/asm-commons/5.0.1/asm-commons-5.0.1.jar:/Users/sylvain/.m2/repository/org/ow2/asm/asm-tree/5.0.1/asm-tree-5.0.1.jar:/Users/sylvain/.m2/repository/org/ow2/asm/asm/5.0.1/asm-5.0.1.jar:/Users/sylvain/.m2/repository/org/eclipse/xtext/org.eclipse.xtext.util/2.8.1/org.eclipse.xtext.util-2.8.1.jar:/Users/sylvain/.m2/repository/org/antlr/antlr/3.2/antlr-3.2.jar:/Users/sylvain/.m2/repository/org/eclipse/equinox/org.eclipse.equinox.common/3.6.0/org.eclipse.equinox.common-3.6.0.jar:/Users/sylvain/.m2/repository/org/openflexo/xmlconnector/1.7.1-RC1/xmlconnector-1.7.1-RC1.jar:/Users/sylvain/.m2/repository/xml-resolver/xml-resolver/1.2/xml-resolver-1.2.jar:/Users/sylvain/.m2/repository/com/sun/xsom/xsom/20110809/xsom-20110809.jar:/Users/sylvain/.m2/repository/relaxngDatatype/relaxngDatatype/20020414/relaxngDatatype-20020414.jar:/Users/sylvain/.m2/repository/org/openflexo/owlconnector/1.7.1-RC1/owlconnector-1.7.1-RC1.jar:/Users/sylvain/.m2/repository/org/apache/jena/jena-core/2.13.0/jena-core-2.13.0.jar:/Users/sylvain/.m2/repository/org/slf4j/slf4j-api/1.7.6/slf4j-api-1.7.6.jar:/Users/sylvain/.m2/repository/org/apache/jena/jena-iri/1.1.2/jena-iri-1.1.2.jar:/Users/sylvain/.m2/repository/org/slf4j/slf4j-log4j12/1.7.6/slf4j-log4j12-1.7.6.jar:/Users/sylvain/.m2/repository/org/openflexo/excelconnector/1.7.1-RC1/excelconnector-1.7.1-RC1.jar:/Users/sylvain/.m2/repository/org/apache/poi/poi-ooxml/3.12-beta1/poi-ooxml-3.12-beta1.jar:/Users/sylvain/.m2/repository/org/apache/poi/poi-ooxml-schemas/3.12-beta1/poi-ooxml-schemas-3.12-beta1.jar:/Users/sylvain/.m2/repository/org/apache/xmlbeans/xmlbeans/2.6.0/xmlbeans-2.6.0.jar:/Users/sylvain/.m2/repository/stax/stax-api/1.0.1/stax-api-1.0.1.jar:/Users/sylvain/.m2/repository/org/apache/geronimo/specs/geronimo-stax-api_1.0_spec/1.0.1/geronimo-stax-api_1.0_spec-1.0.1.jar:/Users/sylvain/.m2/repository/org/openflexo/powerpointconnector/1.7.1-RC1/powerpointconnector-1.7.1-RC1.jar:/Users/sylvain/.m2/repository/org/openflexo/flexo-foundation/1.7.1-RC1/flexo-foundation-1.7.1-RC1-tests.jar:/Users/sylvain/.m2/repository/org/openflexo/connie-core/1.2-RC1/connie-core-1.2-RC1.jar:/Users/sylvain/.m2/repository/com/google/code/findbugs/jsr305/2.0.1/jsr305-2.0.1.jar:/Users/sylvain/.m2/repository/org/apache/commons/commons-lang3/3.1/commons-lang3-3.1.jar:/Users/sylvain/.m2/repository/org/openflexo/flexoutils/1.2-RC1/flexoutils-1.2-RC1.jar:/Users/sylvain/.m2/repository/org/openflexo/diana-core/1.2-RC1/diana-core-1.2-RC1.jar:/Users/sylvain/.m2/repository/org/openflexo/diana-api/1.2-RC1/diana-api-1.2-RC1.jar:/Users/sylvain/.m2/repository/org/openflexo/diana-geom/1.2-RC1/diana-geom-1.2-RC1.jar:/Users/sylvain/.m2/repository/net/sf/jung/jung-graph-impl/2.0.1/jung-graph-impl-2.0.1.jar:/Users/sylvain/.m2/repository/net/sf/jung/jung-api/2.0.1/jung-api-2.0.1.jar:/Users/sylvain/.m2/repository/net/sourceforge/collections/collections-generic/4.01/collections-generic-4.01.jar:/Users/sylvain/.m2/repository/net/sf/jung/jung-algorithms/2.0.1/jung-algorithms-2.0.1.jar:/Users/sylvain/.m2/repository/colt/colt/1.2.0/colt-1.2.0.jar:/Users/sylvain/.m2/repository/concurrent/concurrent/1.3.4/concurrent-1.3.4.jar:/Users/sylvain/.m2/repository/org/openflexo/pamela-core/1.2-RC1/pamela-core-1.2-RC1.jar:/Users/sylvain/.m2/repository/org/javassist/javassist/3.18.0-GA/javassist-3.18.0-GA.jar:/Users/sylvain/.m2/repository/com/google/inject/guice/3.0/guice-3.0.jar:/Users/sylvain/.m2/repository/javax/inject/javax.inject/1/javax.inject-1.jar:/Users/sylvain/.m2/repository/aopalliance/aopalliance/1.0/aopalliance-1.0.jar:/Users/sylvain/.m2/repository/org/openflexo/flexo-ui/1.7.1-RC1/flexo-ui-1.7.1-RC1-tests.jar:/Users/sylvain/.m2/repository/org/openflexo/flexohelp/1.2-RC1/flexohelp-1.2-RC1.jar:/Users/sylvain/.m2/repository/javax/help/javahelp/2.0.05/javahelp-2.0.05.jar:/Users/sylvain/.m2/repository/org/openflexo/flexodocresourcemanager/1.7.1-RC1/flexodocresourcemanager-1.7.1-RC1.jar:/Users/sylvain/.m2/repository/org/openflexo/gina-core/1.2-RC1/gina-core-1.2-RC1.jar:/Users/sylvain/.m2/repository/org/openflexo/flexographicutils/1.2-RC1/flexographicutils-1.2-RC1.jar:/Users/sylvain/.m2/repository/com/google/code/gson/gson/2.2.2/gson-2.2.2.jar:/Users/sylvain/.m2/repository/batik/batik-svggen/1.6-1/batik-svggen-1.6-1.jar:/Users/sylvain/.m2/repository/batik/batik-gvt/1.6-1/batik-gvt-1.6-1.jar:/Users/sylvain/.m2/repository/batik/batik-awt-util/1.6-1/batik-awt-util-1.6-1.jar:/Users/sylvain/.m2/repository/batik/batik-util/1.6-1/batik-util-1.6-1.jar:/Users/sylvain/.m2/repository/batik/batik-gui-util/1.6-1/batik-gui-util-1.6-1.jar:/Users/sylvain/.m2/repository/batik/batik-ext/1.6-1/batik-ext-1.6-1.jar:/Users/sylvain/.m2/repository/xml-apis/xmlParserAPIs/2.0.2/xmlParserAPIs-2.0.2.jar:/Users/sylvain/.m2/repository/batik/batik-svg-dom/1.6-1/batik-svg-dom-1.6-1.jar:/Users/sylvain/.m2/repository/batik/batik-dom/1.6-1/batik-dom-1.6-1.jar:/Users/sylvain/.m2/repository/batik/batik-css/1.6-1/batik-css-1.6-1.jar:/Users/sylvain/.m2/repository/batik/batik-xml/1.6-1/batik-xml-1.6-1.jar:/Users/sylvain/.m2/repository/batik/batik-parser/1.6-1/batik-parser-1.6-1.jar:/Users/sylvain/.m2/repository/org/openflexo/flexolocalization/1.2-RC1/flexolocalization-1.2-RC1.jar:/Users/sylvain/.m2/repository/org/swinglabs/swingx/swingx-core/1.6.3/swingx-core-1.6.3.jar:/Users/sylvain/.m2/repository/org/swinglabs/swingx/swingx-autocomplete/1.6.3/swingx-autocomplete-1.6.3.jar:/Users/sylvain/.m2/repository/org/swinglabs/swingx/swingx-common/1.6.3/swingx-common-1.6.3.jar:/Users/sylvain/.m2/repository/org/swinglabs/swingx/swingx-action/1.6.3/swingx-action-1.6.3.jar:/Users/sylvain/.m2/repository/org/swinglabs/swingx/swingx-plaf/1.6.3/swingx-plaf-1.6.3.jar:/Users/sylvain/.m2/repository/org/swinglabs/swingx/swingx-painters/1.6.3/swingx-painters-1.6.3.jar:/Users/sylvain/.m2/repository/commons-codec/commons-codec/1.8/commons-codec-1.8.jar:/Users/sylvain/.m2/repository/org/openflexo/flexodocresourcecenter/1.7.1-RC1/flexodocresourcecenter-1.7.1-RC1.jar:/Users/sylvain/.m2/repository/org/openflexo/flexoutils/1.2-RC1/flexoutils-1.2-RC1-tests.jar:/Users/sylvain/.m2/repository/commons-io/commons-io/2.4/commons-io-2.4.jar:/Users/sylvain/.m2/repository/commons-collections/commons-collections/3.2/commons-collections-3.2.jar:/Users/sylvain/.m2/repository/org/jdom/jdom2/2.0.5/jdom2-2.0.5.jar:/Users/sylvain/.m2/repository/xerces/xercesImpl/2.11.0/xercesImpl-2.11.0.jar:/Users/sylvain/.m2/repository/xml-apis/xml-apis/1.4.01/xml-apis-1.4.01.jar:/Users/sylvain/.m2/repository/net/sf/jpathwatch/jpathwatch/0.95/jpathwatch-0.95.jar:/Users/sylvain/.m2/repository/junit/junit/4.10/junit-4.10.jar:/Users/sylvain/.m2/repository/org/hamcrest/hamcrest-core/1.1/hamcrest-core-1.1.jar:/Users/sylvain/.m2/repository/org/openflexo/owlconnector/1.7.1-RC1/owlconnector-1.7.1-RC1-tests.jar:"/>
    <property name="java.specification.name" value="Java Platform API Specification"/>
    <property name="java.class.version" value="51.0"/>
    <property name="sun.management.compiler" value="HotSpot 64-Bit Tiered Compilers"/>
    <property name="os.version" value="10.7.5"/>
    <property name="http.nonProxyHosts" value="local|*.local|169.254/16|*.169.254/16"/>
    <property name="user.home" value="/Users/sylvain"/>
    <property name="user.timezone" value="Europe/Paris"/>
    <property name="java.awt.printerjob" value="sun.lwawt.macosx.CPrinterJob"/>
    <property name="java.specification.version" value="1.7"/>
    <property name="file.encoding" value="UTF-8"/>
    <property name="user.name" value="sylvain"/>
    <property name="java.class.path" value="/Users/sylvain/GIT/openflexo-packaging/integration-tests/target/test-classes:/Users/sylvain/GIT/openflexo-packaging/integration-tests/target/classes:/Users/sylvain/.m2/repository/org/openflexo/flexovieweditor/1.7.1-RC1/flexovieweditor-1.7.1-RC1.jar:/Users/sylvain/.m2/repository/org/openflexo/flexo-foundation/1.7.1-RC1/flexo-foundation-1.7.1-RC1.jar:/Users/sylvain/.m2/repository/org/openflexo/flexo-ui/1.7.1-RC1/flexo-ui-1.7.1-RC1.jar:/Users/sylvain/.m2/repository/org/openflexo/fml-rt-technologyadapter-ui/1.7.1-RC1/fml-rt-technologyadapter-ui-1.7.1-RC1.jar:/Users/sylvain/.m2/repository/org/openflexo/flexoviewpointmodeler/1.7.1-RC1/flexoviewpointmodeler-1.7.1-RC1.jar:/Users/sylvain/.m2/repository/org/openflexo/fml-technologyadapter-ui/1.7.1-RC1/fml-technologyadapter-ui-1.7.1-RC1.jar:/Users/sylvain/.m2/repository/org/openflexo/free-modelling-editor/1.7.1-RC1/free-modelling-editor-1.7.1-RC1.jar:/Users/sylvain/.m2/repository/org/openflexo/flexodiagram-ui/1.7.1-RC1/flexodiagram-ui-1.7.1-RC1.jar:/Users/sylvain/.m2/repository/org/openflexo/powerpointconnector-ui/1.7.1-RC1/powerpointconnector-ui-1.7.1-RC1.jar:/Users/sylvain/.m2/repository/commons-lang/commons-lang/2.6/commons-lang-2.6.jar:/Users/sylvain/.m2/repository/org/openflexo/diana-swing/1.2-RC1/diana-swing-1.2-RC1.jar:/Users/sylvain/.m2/repository/org/openflexo/diana-core/1.2-RC1/diana-core-1.2-RC1-tests.jar:/Users/sylvain/.m2/repository/org/openflexo/gina-swing/1.2-RC1/gina-swing-1.2-RC1.jar:/Users/sylvain/.m2/repository/org/openflexo/tools-configuration/0.3-RC1/tools-configuration-0.3-RC1.jar:/Users/sylvain/.m2/repository/org/openflexo/gina-swing-editor/1.2-RC1/gina-swing-editor-1.2-RC1.jar:/Users/sylvain/.m2/repository/org/dockingframes/docking-frames-common/1.1.1/docking-frames-common-1.1.1.jar:/Users/sylvain/.m2/repository/org/dockingframes/docking-frames-core/1.1.1/docking-frames-core-1.1.1.jar:/Users/sylvain/.m2/repository/org/openflexo/flexodiagram/1.7.1-RC1/flexodiagram-1.7.1-RC1.jar:/Users/sylvain/.m2/repository/org/apache/poi/poi/3.12-beta1/poi-3.12-beta1.jar:/Users/sylvain/.m2/repository/org/apache/poi/poi-scratchpad/3.12-beta1/poi-scratchpad-3.12-beta1.jar:/Users/sylvain/.m2/repository/org/openflexo/emfconnector/1.7.1-RC1/emfconnector-1.7.1-RC1.jar:/Users/sylvain/.m2/repository/org/eclipse/uml2/5.0.0/uml2-5.0.0.jar:/Users/sylvain/.m2/repository/org/eclipse/uml2/uml/5.0.1/uml-5.0.1.jar:/Users/sylvain/.m2/repository/org/eclipse/uml2/uml-resources/5.0.1/uml-resources-5.0.1.jar:/Users/sylvain/.m2/repository/org/eclipse/uml2/types/2.0.0/types-2.0.0.jar:/Users/sylvain/.m2/repository/org/eclipse/uml2/common/2.0.1/common-2.0.1.jar:/Users/sylvain/.m2/repository/org/eclipse/uml2/uml/profile-standard/1.0.0/profile-standard-1.0.0.jar:/Users/sylvain/.m2/repository/org/eclipse/xtext/org.eclipse.xtext/2.8.1/org.eclipse.xtext-2.8.1.jar:/Users/sylvain/.m2/repository/org/eclipse/tycho/org.eclipse.jdt.core/3.10.0.v20140604-1726/org.eclipse.jdt.core-3.10.0.v20140604-1726.jar:/Users/sylvain/.m2/repository/org/eclipse/xtext/org.eclipse.xtext.xbase.lib/2.8.1/org.eclipse.xtext.xbase.lib-2.8.1.jar:/Users/sylvain/.m2/repository/com/google/guava/guava/14.0.1/guava-14.0.1.jar:/Users/sylvain/.m2/repository/org/eclipse/emf/org.eclipse.emf.ecore/2.11.0-v20150123-0347/org.eclipse.emf.ecore-2.11.0-v20150123-0347.jar:/Users/sylvain/.m2/repository/org/eclipse/emf/org.eclipse.emf.common/2.11.0-v20150123-0347/org.eclipse.emf.common-2.11.0-v20150123-0347.jar:/Users/sylvain/.m2/repository/org/eclipse/emf/org.eclipse.emf.ecore.xmi/2.11.0-v20150123-0347/org.eclipse.emf.ecore.xmi-2.11.0-v20150123-0347.jar:/Users/sylvain/.m2/repository/log4j/log4j/1.2.16/log4j-1.2.16.jar:/Users/sylvain/.m2/repository/com/ibm/icu/icu4j/52.1/icu4j-52.1.jar:/Users/sylvain/.m2/repository/org/antlr/antlr-runtime/3.2/antlr-runtime-3.2.jar:/Users/sylvain/.m2/repository/org/eclipse/xtext/org.eclipse.xtext.common.types/2.8.1/org.eclipse.xtext.common.types-2.8.1.jar:/Users/sylvain/.m2/repository/org/eclipse/emf/org.eclipse.emf.codegen/2.10.0-v20150123-0452/org.eclipse.emf.codegen-2.10.0-v20150123-0452.jar:/Users/sylvain/.m2/repository/org/ow2/asm/asm-commons/5.0.1/asm-commons-5.0.1.jar:/Users/sylvain/.m2/repository/org/ow2/asm/asm-tree/5.0.1/asm-tree-5.0.1.jar:/Users/sylvain/.m2/repository/org/ow2/asm/asm/5.0.1/asm-5.0.1.jar:/Users/sylvain/.m2/repository/org/eclipse/xtext/org.eclipse.xtext.util/2.8.1/org.eclipse.xtext.util-2.8.1.jar:/Users/sylvain/.m2/repository/org/antlr/antlr/3.2/antlr-3.2.jar:/Users/sylvain/.m2/repository/org/eclipse/equinox/org.eclipse.equinox.common/3.6.0/org.eclipse.equinox.common-3.6.0.jar:/Users/sylvain/.m2/repository/org/openflexo/xmlconnector/1.7.1-RC1/xmlconnector-1.7.1-RC1.jar:/Users/sylvain/.m2/repository/xml-resolver/xml-resolver/1.2/xml-resolver-1.2.jar:/Users/sylvain/.m2/repository/com/sun/xsom/xsom/20110809/xsom-20110809.jar:/Users/sylvain/.m2/repository/relaxngDatatype/relaxngDatatype/20020414/relaxngDatatype-20020414.jar:/Users/sylvain/.m2/repository/org/openflexo/owlconnector/1.7.1-RC1/owlconnector-1.7.1-RC1.jar:/Users/sylvain/.m2/repository/org/apache/jena/jena-core/2.13.0/jena-core-2.13.0.jar:/Users/sylvain/.m2/repository/org/slf4j/slf4j-api/1.7.6/slf4j-api-1.7.6.jar:/Users/sylvain/.m2/repository/org/apache/jena/jena-iri/1.1.2/jena-iri-1.1.2.jar:/Users/sylvain/.m2/repository/org/slf4j/slf4j-log4j12/1.7.6/slf4j-log4j12-1.7.6.jar:/Users/sylvain/.m2/repository/org/openflexo/excelconnector/1.7.1-RC1/excelconnector-1.7.1-RC1.jar:/Users/sylvain/.m2/repository/org/apache/poi/poi-ooxml/3.12-beta1/poi-ooxml-3.12-beta1.jar:/Users/sylvain/.m2/repository/org/apache/poi/poi-ooxml-schemas/3.12-beta1/poi-ooxml-schemas-3.12-beta1.jar:/Users/sylvain/.m2/repository/org/apache/xmlbeans/xmlbeans/2.6.0/xmlbeans-2.6.0.jar:/Users/sylvain/.m2/repository/stax/stax-api/1.0.1/stax-api-1.0.1.jar:/Users/sylvain/.m2/repository/org/apache/geronimo/specs/geronimo-stax-api_1.0_spec/1.0.1/geronimo-stax-api_1.0_spec-1.0.1.jar:/Users/sylvain/.m2/repository/org/openflexo/powerpointconnector/1.7.1-RC1/powerpointconnector-1.7.1-RC1.jar:/Users/sylvain/.m2/repository/org/openflexo/flexo-foundation/1.7.1-RC1/flexo-foundation-1.7.1-RC1-tests.jar:/Users/sylvain/.m2/repository/org/openflexo/connie-core/1.2-RC1/connie-core-1.2-RC1.jar:/Users/sylvain/.m2/repository/com/google/code/findbugs/jsr305/2.0.1/jsr305-2.0.1.jar:/Users/sylvain/.m2/repository/org/apache/commons/commons-lang3/3.1/commons-lang3-3.1.jar:/Users/sylvain/.m2/repository/org/openflexo/flexoutils/1.2-RC1/flexoutils-1.2-RC1.jar:/Users/sylvain/.m2/repository/org/openflexo/diana-core/1.2-RC1/diana-core-1.2-RC1.jar:/Users/sylvain/.m2/repository/org/openflexo/diana-api/1.2-RC1/diana-api-1.2-RC1.jar:/Users/sylvain/.m2/repository/org/openflexo/diana-geom/1.2-RC1/diana-geom-1.2-RC1.jar:/Users/sylvain/.m2/repository/net/sf/jung/jung-graph-impl/2.0.1/jung-graph-impl-2.0.1.jar:/Users/sylvain/.m2/repository/net/sf/jung/jung-api/2.0.1/jung-api-2.0.1.jar:/Users/sylvain/.m2/repository/net/sourceforge/collections/collections-generic/4.01/collections-generic-4.01.jar:/Users/sylvain/.m2/repository/net/sf/jung/jung-algorithms/2.0.1/jung-algorithms-2.0.1.jar:/Users/sylvain/.m2/repository/colt/colt/1.2.0/colt-1.2.0.jar:/Users/sylvain/.m2/repository/concurrent/concurrent/1.3.4/concurrent-1.3.4.jar:/Users/sylvain/.m2/repository/org/openflexo/pamela-core/1.2-RC1/pamela-core-1.2-RC1.jar:/Users/sylvain/.m2/repository/org/javassist/javassist/3.18.0-GA/javassist-3.18.0-GA.jar:/Users/sylvain/.m2/repository/com/google/inject/guice/3.0/guice-3.0.jar:/Users/sylvain/.m2/repository/javax/inject/javax.inject/1/javax.inject-1.jar:/Users/sylvain/.m2/repository/aopalliance/aopalliance/1.0/aopalliance-1.0.jar:/Users/sylvain/.m2/repository/org/openflexo/flexo-ui/1.7.1-RC1/flexo-ui-1.7.1-RC1-tests.jar:/Users/sylvain/.m2/repository/org/openflexo/flexohelp/1.2-RC1/flexohelp-1.2-RC1.jar:/Users/sylvain/.m2/repository/javax/help/javahelp/2.0.05/javahelp-2.0.05.jar:/Users/sylvain/.m2/repository/org/openflexo/flexodocresourcemanager/1.7.1-RC1/flexodocresourcemanager-1.7.1-RC1.jar:/Users/sylvain/.m2/repository/org/openflexo/gina-core/1.2-RC1/gina-core-1.2-RC1.jar:/Users/sylvain/.m2/repository/org/openflexo/flexographicutils/1.2-RC1/flexographicutils-1.2-RC1.jar:/Users/sylvain/.m2/repository/com/google/code/gson/gson/2.2.2/gson-2.2.2.jar:/Users/sylvain/.m2/repository/batik/batik-svggen/1.6-1/batik-svggen-1.6-1.jar:/Users/sylvain/.m2/repository/batik/batik-gvt/1.6-1/batik-gvt-1.6-1.jar:/Users/sylvain/.m2/repository/batik/batik-awt-util/1.6-1/batik-awt-util-1.6-1.jar:/Users/sylvain/.m2/repository/batik/batik-util/1.6-1/batik-util-1.6-1.jar:/Users/sylvain/.m2/repository/batik/batik-gui-util/1.6-1/batik-gui-util-1.6-1.jar:/Users/sylvain/.m2/repository/batik/batik-ext/1.6-1/batik-ext-1.6-1.jar:/Users/sylvain/.m2/repository/xml-apis/xmlParserAPIs/2.0.2/xmlParserAPIs-2.0.2.jar:/Users/sylvain/.m2/repository/batik/batik-svg-dom/1.6-1/batik-svg-dom-1.6-1.jar:/Users/sylvain/.m2/repository/batik/batik-dom/1.6-1/batik-dom-1.6-1.jar:/Users/sylvain/.m2/repository/batik/batik-css/1.6-1/batik-css-1.6-1.jar:/Users/sylvain/.m2/repository/batik/batik-xml/1.6-1/batik-xml-1.6-1.jar:/Users/sylvain/.m2/repository/batik/batik-parser/1.6-1/batik-parser-1.6-1.jar:/Users/sylvain/.m2/repository/org/openflexo/flexolocalization/1.2-RC1/flexolocalization-1.2-RC1.jar:/Users/sylvain/.m2/repository/org/swinglabs/swingx/swingx-core/1.6.3/swingx-core-1.6.3.jar:/Users/sylvain/.m2/repository/org/swinglabs/swingx/swingx-autocomplete/1.6.3/swingx-autocomplete-1.6.3.jar:/Users/sylvain/.m2/repository/org/swinglabs/swingx/swingx-common/1.6.3/swingx-common-1.6.3.jar:/Users/sylvain/.m2/repository/org/swinglabs/swingx/swingx-action/1.6.3/swingx-action-1.6.3.jar:/Users/sylvain/.m2/repository/org/swinglabs/swingx/swingx-plaf/1.6.3/swingx-plaf-1.6.3.jar:/Users/sylvain/.m2/repository/org/swinglabs/swingx/swingx-painters/1.6.3/swingx-painters-1.6.3.jar:/Users/sylvain/.m2/repository/commons-codec/commons-codec/1.8/commons-codec-1.8.jar:/Users/sylvain/.m2/repository/org/openflexo/flexodocresourcecenter/1.7.1-RC1/flexodocresourcecenter-1.7.1-RC1.jar:/Users/sylvain/.m2/repository/org/openflexo/flexoutils/1.2-RC1/flexoutils-1.2-RC1-tests.jar:/Users/sylvain/.m2/repository/commons-io/commons-io/2.4/commons-io-2.4.jar:/Users/sylvain/.m2/repository/commons-collections/commons-collections/3.2/commons-collections-3.2.jar:/Users/sylvain/.m2/repository/org/jdom/jdom2/2.0.5/jdom2-2.0.5.jar:/Users/sylvain/.m2/repository/xerces/xercesImpl/2.11.0/xercesImpl-2.11.0.jar:/Users/sylvain/.m2/repository/xml-apis/xml-apis/1.4.01/xml-apis-1.4.01.jar:/Users/sylvain/.m2/repository/net/sf/jpathwatch/jpathwatch/0.95/jpathwatch-0.95.jar:/Users/sylvain/.m2/repository/junit/junit/4.10/junit-4.10.jar:/Users/sylvain/.m2/repository/org/hamcrest/hamcrest-core/1.1/hamcrest-core-1.1.jar:/Users/sylvain/.m2/repository/org/openflexo/owlconnector/1.7.1-RC1/owlconnector-1.7.1-RC1-tests.jar:"/>
    <property name="java.vm.specification.version" value="1.7"/>
    <property name="sun.arch.data.model" value="64"/>
    <property name="java.home" value="/Library/Internet Plug-Ins/JavaAppletPlugin.plugin/Contents/Home"/>
    <property name="sun.java.command" value="/Users/sylvain/GIT/openflexo-packaging/integration-tests/target/surefire/surefirebooter2743206221355872084.jar /Users/sylvain/GIT/openflexo-packaging/integration-tests/target/surefire/surefire6512635953781954840tmp /Users/sylvain/GIT/openflexo-packaging/integration-tests/target/surefire/surefire5135460688795138067tmp"/>
    <property name="java.specification.vendor" value="Oracle Corporation"/>
    <property name="user.language" value="en"/>
    <property name="awt.toolkit" value="sun.lwawt.macosx.LWCToolkit"/>
    <property name="java.vm.info" value="mixed mode"/>
    <property name="java.version" value="1.7.0_75"/>
    <property name="java.ext.dirs" value="/Users/sylvain/Library/Java/Extensions:/Library/Internet Plug-Ins/JavaAppletPlugin.plugin/Contents/Home/lib/ext:/Library/Java/Extensions:/Network/Library/Java/Extensions:/System/Library/Java/Extensions:/usr/lib/java"/>
    <property name="sun.boot.class.path" value="/Library/Internet Plug-Ins/JavaAppletPlugin.plugin/Contents/Home/lib/resources.jar:/Library/Internet Plug-Ins/JavaAppletPlugin.plugin/Contents/Home/lib/rt.jar:/Library/Internet Plug-Ins/JavaAppletPlugin.plugin/Contents/Home/lib/sunrsasign.jar:/Library/Internet Plug-Ins/JavaAppletPlugin.plugin/Contents/Home/lib/jsse.jar:/Library/Internet Plug-Ins/JavaAppletPlugin.plugin/Contents/Home/lib/jce.jar:/Library/Internet Plug-Ins/JavaAppletPlugin.plugin/Contents/Home/lib/charsets.jar:/Library/Internet Plug-Ins/JavaAppletPlugin.plugin/Contents/Home/lib/jfr.jar:/Library/Internet Plug-Ins/JavaAppletPlugin.plugin/Contents/Home/classes"/>
    <property name="java.vendor" value="Oracle Corporation"/>
    <property name="localRepository" value="/Users/sylvain/.m2/repository"/>
    <property name="file.separator" value="/"/>
    <property name="java.vendor.url.bug" value="http://bugreport.sun.com/bugreport/"/>
    <property name="sun.cpu.endian" value="little"/>
    <property name="sun.io.unicode.encoding" value="UnicodeBig"/>
    <property name="sun.font.fontmanager" value="sun.font.CFontManager"/>
    <property name="socksNonProxyHosts" value="local|*.local|169.254/16|*.169.254/16"/>
    <property name="ftp.nonProxyHosts" value="local|*.local|169.254/16|*.169.254/16"/>
    <property name="sun.cpu.isalist" value=""/>
  </properties>
  <testcase time="16.626" classname="org.openflexo.foundation.FMLModelFactoryIntegrationTest" name="initializeServiceManager"/>
  <testcase time="0.168" classname="org.openflexo.foundation.FMLModelFactoryIntegrationTest" name="checkFMLTechnologyAdapter"/>
  <testcase time="0.067" classname="org.openflexo.foundation.FMLModelFactoryIntegrationTest" name="checkDiagramTechnologyAdapter"/>
  <testcase time="0.06" classname="org.openflexo.foundation.FMLModelFactoryIntegrationTest" name="checkEMFTechnologyAdapter"/>
  <testcase time="0.053" classname="org.openflexo.foundation.FMLModelFactoryIntegrationTest" name="checkExcelTechnologyAdapter"/>
  <testcase time="0.069" classname="org.openflexo.foundation.FMLModelFactoryIntegrationTest" name="checkOWLTechnologyAdapter"/>
  <testcase time="0.052" classname="org.openflexo.foundation.FMLModelFactoryIntegrationTest" name="checkPowerpointTechnologyAdapter"/>
  <testcase time="0.069" classname="org.openflexo.foundation.FMLModelFactoryIntegrationTest" name="checkXMLTechnologyAdapter"/>
  <testcase time="0.01" classname="org.openflexo.foundation.FMLModelFactoryIntegrationTest" name="testInstantiateVirtualModelModelFactoryForAllTechnologyAdapters"/>
</testsuite>